<?xml version="1.0" encoding="UTF-8"?>
<!-- Generated by org.testng.reporters.JUnitReportReporter -->
<testsuite skipped="0" hostname="Sandeeps-MacBook-Air.local" name="MavenE2EDemo.MavenE2EDemo.ValidateTitleTest$ValidateText" tests="1" failures="0" timestamp="01 Jun 2019 00:04:47 GMT" time="0.066" errors="0">
  <testcase name="basePageNavigation" time="0.066" classname="MavenE2EDemo.MavenE2EDemo.ValidateTitleTest$ValidateText"/>
</testsuite> <!-- MavenE2EDemo.MavenE2EDemo.ValidateTitleTest$ValidateText -->
