<?xml version="1.0" encoding="UTF-8"?>
<!-- Generated by org.testng.reporters.JUnitReportReporter -->
<testsuite skipped="0" hostname="Sandeeps-MacBook-Air.local" name="MavenE2EDemo.MavenE2EDemo.HomePage" tests="2" failures="0" timestamp="01 Jun 2019 00:06:24 GMT" time="13.620" errors="0">
  <testcase name="basePageNavigation" time="8.544" classname="MavenE2EDemo.MavenE2EDemo.HomePage"/>
  <testcase name="basePageNavigation" time="5.076" classname="MavenE2EDemo.MavenE2EDemo.HomePage"/>
</testsuite> <!-- MavenE2EDemo.MavenE2EDemo.HomePage -->
