<?xml version="1.0" encoding="UTF-8"?>
<!-- Generated by org.testng.reporters.JUnitReportReporter -->
<testsuite skipped="0" hostname="Sandeeps-MacBook-Air.local" name="MavenE2EDemo.MavenE2EDemo.ParameterTest" tests="1" failures="0" timestamp="01 Jun 2019 00:28:22 GMT" time="11.644" errors="0">
  <testcase name="LoginTest" time="11.644" classname="MavenE2EDemo.MavenE2EDemo.ParameterTest"/>
</testsuite> <!-- MavenE2EDemo.MavenE2EDemo.ParameterTest -->
