<?xml version="1.0" encoding="UTF-8"?>
<!-- Generated by org.testng.reporters.JUnitReportReporter -->
<testsuite hostname="Sandeeps-MacBook-Air.local" name="MavenE2EDemo.MavenE2EDemo.AppTest" tests="1" failures="0" timestamp="24 Apr 2019 10:06:24 GMT" time="0.003" errors="0">
  <testcase name="testApp" time="0.003" classname="MavenE2EDemo.MavenE2EDemo.AppTest"/>
</testsuite> <!-- MavenE2EDemo.MavenE2EDemo.AppTest -->
